2020-11-20 12:12:51,973 - Wrong username or password
2020-11-20 12:20:53,514 - Successful login
2020-11-20 12:20:53,514 - Wrong username or password
2020-11-20 12:48:02,106 - Successful login
2020-11-20 12:57:33,470 - Successful login
2020-11-20 13:03:43,112 - Successful login
2020-11-20 13:04:17,401 - Successful login
2020-11-20 13:05:42,850 - Successful login
2020-11-20 13:07:42,484 - Successful login
2020-11-20 13:09:26,734 - Successful login
2020-11-20 13:14:21,200 - Successful login
2020-11-20 13:20:36,117 - Successful login
2020-11-20 13:21:24,418 - Successful login
2020-11-20 13:25:00,135 - Admin logout
2020-11-20 13:26:50,366 - Student logout
2020-11-20 13:26:50,366 - Successful login
2020-11-20 13:27:46,841 - New course defined!
2020-11-20 13:27:46,842 - Successful login
2020-11-20 13:29:40,496 - Student submitted courses
2020-11-20 13:29:43,806 - Student logout
2020-11-20 13:31:43,684 - Student logout
2020-11-20 13:32:45,997 - Student logout
2020-11-20 13:35:50,521 - Student added a new course
2020-11-20 13:36:10,562 - Student logout
2020-11-20 14:48:06,287 - Student logout
2020-11-20 14:49:56,377 - Successful login
2020-11-20 14:57:06,261 - Wrong username or password
2020-11-20 15:06:29,583 - Student added a new course
2020-11-20 15:12:16,022 - Try take full course.
2020-11-20 15:13:19,777 - Student added a new course
2020-11-20 15:13:49,394 - Student submitted courses
2020-11-20 15:16:39,797 - Student added a new course
2020-11-20 15:24:18,024 - Student added a new course
2020-11-20 15:26:01,960 - Student added a new course
2020-11-20 15:31:47,225 - Wrong username or password
2020-11-20 15:32:06,619 - invalid input in admin login
2020-11-20 15:44:53,606 - Wrong username or password
2020-11-20 15:45:45,302 - Try change status student without choosing
2020-11-20 16:15:32,788 - New course defined!
2020-11-20 16:16:44,169 - New course defined!
2020-11-20 16:57:43,035 - Try take full course.
2020-11-20 16:59:53,605 - Try take full course.
2020-11-20 17:00:15,968 - Student added a new course
2020-11-20 20:31:05,362 - invalid input in student menu
2020-11-20 20:31:05,363 - invalid input in student menu
2020-11-20 20:47:26,693 - Try take full course.
2020-11-20 20:50:46,082 - invalid input for course code[Try take course]
2020-11-20 20:51:01,122 - invalid input for course code[Try take course]
2020-11-20 21:01:38,137 - invalid input in student menu
Traceback (most recent call last):
  File "D:\Maktab\maktab_python-homework\university-platform3\run_project\student_login.py", line 17, in student_login
    choice = int(input('your choice:'))
ValueError: invalid literal for int() with base 10: 's'
2020-11-20 21:02:50,758 - invalid input in main function
Traceback (most recent call last):
  File "D:\Maktab\maktab_python-homework\university-platform3\run_project\run.py", line 44, in main
    choice = int(input('your choice:'))
ValueError: invalid literal for int() with base 10: 'uu'
2020-11-20 21:04:14,432 - invalid input in main function
Traceback (most recent call last):
  File "D:\Maktab\maktab_python-homework\university-platform3\run_project\run.py", line 44, in main
    choice = int(input('your choice:'))
ValueError: invalid literal for int() with base 10: 'p'
2020-11-20 21:07:06,236 - Unsuccessful student  submission
2020-11-20 23:19:34,452 - Wrong username or password
2020-11-21 00:08:24,842 - Wrong username or password
2020-11-21 00:09:05,969 - invalid input in main function
Traceback (most recent call last):
  File "C:\Users\Administrator\Desktop\university-platform\run_project\run.py", line 44, in main
    choice = int(input('your choice:'))
ValueError: invalid literal for int() with base 10: '4210z'
2020-11-21 00:35:23,608 - invalid input for course code[Try take course]
2020-11-21 00:35:40,463 - Student added a new course
2020-11-21 00:35:52,671 - Unsuccessful student  submission
2020-11-21 00:42:58,568 - invalid input in admin login
Traceback (most recent call last):
  File "C:\Users\Administrator\Desktop\university-platform\run_project\admin_login.py", line 12, in admin_login
    choice = int(input('your choice:'))
ValueError: invalid literal for int() with base 10: ''
2020-11-21 00:42:58,569 - invalid input in admin login
Traceback (most recent call last):
  File "C:\Users\Administrator\Desktop\university-platform\run_project\admin_login.py", line 12, in admin_login
    choice = int(input('your choice:'))
ValueError: invalid literal for int() with base 10: ''
2020-11-21 00:43:16,191 - invalid input in main function
Traceback (most recent call last):
  File "C:\Users\Administrator\Desktop\university-platform\run_project\run.py", line 45, in main
    choice = int(input('your choice:'))
ValueError: invalid literal for int() with base 10: ''
2020-11-21 20:27:42,345 - Student logged out
2020-11-21 20:29:17,150 - Student logged out
2020-11-21 20:36:11,005 - Student logged out
2020-11-21 20:39:00,959 - Student logged out
2020-11-21 20:46:33,799 - Student logged out
2020-11-21 20:50:14,189 - Student logged out
2020-11-21 20:50:29,589 - Successful login
2020-11-21 20:50:29,589 - Successful login
2020-11-21 20:53:10,144 - Student logged out
2020-11-21 20:53:22,364 - Successful login
2020-11-21 20:53:22,364 - Successful login
2020-11-21 20:54:06,784 - Student logged out
2020-11-21 20:54:19,201 - Successful login
2020-11-21 20:54:19,201 - Successful login
2020-11-21 20:55:26,922 - Student logged out
2020-11-21 20:55:55,612 - Successful login
2020-11-21 20:55:55,613 - Successful login
2020-11-21 21:09:06,860 - Student logged out
2020-11-21 21:09:23,161 - Successful login
2020-11-21 21:09:23,161 - Successful login
2020-11-21 21:10:26,921 - Successful login
2020-11-21 21:10:29,205 - Student logged out
2020-11-21 21:10:40,722 - Successful login
2020-11-21 21:15:25,470 - Successful login
2020-11-21 21:18:14,582 - Successful login
2020-11-21 21:18:17,292 - Student logged out
2020-11-21 21:18:34,911 - Successful login
2020-11-21 21:20:25,515 - Student logged out
2020-11-21 21:20:41,254 - Successful login
2020-11-21 21:20:41,255 - Successful login
2020-11-21 21:22:35,408 - Successful login
2020-11-21 21:22:38,836 - Student logged out
2020-11-21 21:22:52,948 - Successful login
2020-11-21 21:23:04,303 - Admin logout
2020-11-21 21:23:16,040 - Successful login
2020-11-21 21:23:31,456 - Student logged out
2020-11-21 21:24:10,958 - Successful login
2020-11-21 21:25:27,353 - Successful login
2020-11-21 21:25:30,036 - Student logged out
2020-11-21 21:25:44,129 - Successful login
2020-11-21 21:26:27,933 - Successful login
2020-11-21 21:26:30,672 - Student logged out
2020-11-21 21:26:43,256 - Successful login
2020-11-21 21:27:04,180 - Admin logout
2020-11-21 21:27:19,166 - Admin logout
2020-11-21 21:27:45,680 - Successful login
2020-11-21 21:27:48,748 - Student logged out
2020-11-21 21:28:01,627 - Successful login
2020-11-21 21:28:05,335 - Admin logout
2020-11-21 21:28:32,270 - Successful login
2020-11-21 21:28:38,602 - Admin logout
2020-11-21 21:30:41,645 - Admin logout
2020-11-21 21:30:50,916 - Successful login
2020-11-21 21:30:57,776 - Student logged out
2020-11-21 21:35:07,825 - Successful login
2020-11-21 21:35:13,411 - Student logged out
2020-11-21 21:38:25,012 - Successful login
2020-11-21 21:38:30,884 - Student logged out
2020-11-21 21:39:13,199 - Successful login
2020-11-21 21:39:19,290 - Student logged out
2020-11-21 21:42:10,708 - Wrong username or password
2020-11-21 21:42:23,683 - Successful login
2020-11-21 21:43:44,832 - Student logged out
2020-11-22 17:01:42,720 - Successful login
2020-11-22 17:01:49,649 - Student logged out
2020-11-22 17:02:02,101 - Successful login
2020-11-22 17:05:47,246 - Successful login
2020-11-22 20:36:25,842 - Wrong username or password
2020-11-22 20:36:38,858 - Successful login
2020-11-22 20:37:57,697 - Successful login
2020-11-22 20:38:17,439 - Student added a new course
2020-11-22 20:43:15,590 - Successful login
2020-11-22 20:43:22,624 - Student added a new course
2020-11-22 20:45:41,324 - Successful login
2020-11-22 20:45:44,870 - Student added a new course
2020-11-22 20:47:56,992 - Successful login
2020-11-22 20:48:01,794 - Student added a new course
2020-11-22 20:49:45,577 - Successful login
2020-11-22 20:49:52,699 - Student added a new course
2020-11-22 20:51:01,874 - Successful login
2020-11-22 20:51:08,099 - Student added a new course
2020-11-22 20:53:06,522 - Successful login
2020-11-22 20:53:09,904 - Student added a new course
2020-11-22 20:53:46,792 - Wrong username or password
2020-11-22 20:53:57,551 - Successful login
2020-11-22 20:54:03,752 - Student added a new course
2020-11-22 20:56:57,699 - Successful login
2020-11-22 20:58:14,077 - Successful login
2020-11-22 20:58:39,581 - Successful login
2020-11-22 20:58:43,227 - Student added a new course
2020-11-22 20:58:46,361 - Student added a new course
2020-11-22 20:58:53,149 - invalid course code for dropping
2020-11-22 20:59:08,675 - Student added a new course
2020-11-22 20:59:13,411 - Student added a new course
2020-11-22 20:59:43,737 - Student added a new course
2020-11-22 20:59:48,902 - Student added a new course
2020-11-22 20:59:59,390 - Student submitted courses
2020-11-22 21:00:43,429 - Successful login
2020-11-22 21:00:45,935 - Student added a new course
2020-11-22 21:00:50,161 - Student added a new course
2020-11-22 21:00:53,564 - Student added a new course
2020-11-22 21:00:58,086 - Student added a new course
2020-11-22 21:01:15,201 - Student added a new course
2020-11-22 21:01:30,319 - Student submitted courses
2020-11-22 21:03:52,856 - Successful login
2020-11-22 21:03:55,661 - Student added a new course
2020-11-22 21:03:59,829 - Student added a new course
2020-11-22 21:04:03,127 - Student added a new course
2020-11-22 21:04:05,907 - Student added a new course
2020-11-22 21:04:22,642 - Student added a new course
2020-11-22 21:04:26,311 - Student submitted courses
2020-11-22 21:05:57,509 - Successful login
2020-11-22 21:06:10,219 - New course defined!
2020-11-22 21:08:55,250 - Successful login
2020-11-22 21:14:29,005 - Wrong username or password
2020-11-22 21:14:41,945 - Successful login
2020-11-22 21:17:22,825 - Successful login
2020-11-22 21:18:36,331 - Successful login
2020-11-22 21:18:47,345 - Courses not Submitted
2020-11-22 21:19:15,616 - Courses not Submitted
2020-11-22 21:24:08,555 - Wrong username or password
2020-11-22 21:24:20,827 - Successful login
2020-11-22 21:34:38,114 - Successful login
2020-11-22 21:34:46,344 - Unsuccessful student  submission
2020-11-22 21:46:54,243 - Successful login
2020-11-22 21:46:59,755 - Student added a new course
2020-11-22 21:47:02,471 - Student added a new course
2020-11-22 21:47:05,574 - Student added a new course
2020-11-22 21:47:24,122 - Student added a new course
2020-11-22 21:47:28,532 - Student added a new course
2020-11-22 21:47:32,191 - Student submitted courses
2020-11-22 21:52:31,264 - Successful login
2020-11-22 21:52:39,035 - invalid input for course code[Try take course]
2020-11-22 21:52:46,668 - Unsuccessful student  submission
2020-11-22 21:56:48,559 - Successful login
2020-11-22 21:56:57,989 - Student added a new course
2020-11-22 21:57:02,079 - Student added a new course
2020-11-22 21:57:08,827 - Student dropped a course
2020-11-22 21:59:23,522 - Successful login
2020-11-22 21:59:27,979 - Student logged out
2020-11-22 22:00:58,506 - Successful login
2020-11-22 22:01:08,075 - Admin logout
2020-11-22 22:01:17,311 - Successful login
2020-11-22 22:01:20,016 - Student logged out
